<?xml version="1.0" encoding="UTF-8"?>
<!-- Generated by org.testng.reporters.JUnitReportReporter -->
<testsuite hostname="samarth" failures="0" tests="1" name="scripts.TestCase_02_StorePage" time="4.093" errors="0" timestamp="2025-08-04T18:05:39 IST" skipped="0">
  <testcase classname="scripts.TestCase_02_StorePage" name="testStoreBtn" time="4.093"/>
</testsuite> <!-- scripts.TestCase_02_StorePage -->
