<?xml version="1.0" encoding="UTF-8"?>
<!-- Generated by org.testng.reporters.JUnitReportReporter -->
<testsuite hostname="samarth" failures="0" tests="2" name="runners.TestRunner" time="0.080" errors="0" timestamp="2025-08-09T15:22:36 IST" skipped="0">
  <testcase classname="runners.TestRunner" name="runScenario" time="0.077"/>
  <testcase classname="runners.TestRunner" name="runScenario" time="0.003"/>
</testsuite> <!-- runners.TestRunner -->
